# JRE version: OpenJDK Runtime Environment (8.0_242-b01) (build 1.8.0_242-release-1644-b01)
# Java VM: OpenJDK 64-Bit Server VM (25.242-b01 mixed mode windows-amd64 compressed oops)
Heap:
 PSYoungGen      total 370688K, used 309066K [0x00000000d5580000, 0x00000000eee00000, 0x0000000100000000)
  eden space 344576K, 82% used [0x00000000d5580000,0x00000000e69d90b8,0x00000000ea600000)
  from space 26112K, 99% used [0x00000000eca80000,0x00000000ee3f98e8,0x00000000ee400000)
  to   space 36864K, 0% used [0x00000000ea600000,0x00000000ea600000,0x00000000eca00000)
 ParOldGen       total 103424K, used 66369K [0x0000000080000000, 0x0000000086500000, 0x00000000d5580000)
  object space 103424K, 64% used [0x0000000080000000,0x00000000840d0448,0x0000000086500000)
 Metaspace       used 88695K, capacity 93974K, committed 94256K, reserved 1130496K
  class space    used 11862K, capacity 12804K, committed 12848K, reserved 1048576K
GC Heap History (10 events):
Event: 23.227 GC heap before
{Heap before GC invocations=11 (full 2):
 PSYoungGen      total 220160K, used 153564K [0x00000000d5580000, 0x00000000e4f80000, 0x0000000100000000)
  eden space 205312K, 67% used [0x00000000d5580000,0x00000000ddcfcc08,0x00000000e1e00000)
  from space 14848K, 99% used [0x00000000e4100000,0x00000000e4f7a700,0x00000000e4f80000)
  to   space 17408K, 0% used [0x00000000e2d80000,0x00000000e2d80000,0x00000000e3e80000)
 ParOldGen       total 73216K, used 18629K [0x0000000080000000, 0x0000000084780000, 0x00000000d5580000)
  object space 73216K, 25% used [0x0000000080000000,0x00000000812316a8,0x0000000084780000)
 Metaspace       used 56961K, capacity 59070K, committed 59160K, reserved 1099776K
  class space    used 7816K, capacity 8292K, committed 8368K, reserved 1048576K
Event: 23.257 GC heap after
Heap after GC invocations=11 (full 2):
 PSYoungGen      total 238592K, used 17388K [0x00000000d5580000, 0x00000000e8f80000, 0x0000000100000000)
  eden space 221184K, 0% used [0x00000000d5580000,0x00000000d5580000,0x00000000e2d80000)
  from space 17408K, 99% used [0x00000000e2d80000,0x00000000e3e7b220,0x00000000e3e80000)
  to   space 22528K, 0% used [0x00000000e7980000,0x00000000e7980000,0x00000000e8f80000)
 ParOldGen       total 73216K, used 25180K [0x0000000080000000, 0x0000000084780000, 0x00000000d5580000)
  object space 73216K, 34% used [0x0000000080000000,0x0000000081897370,0x0000000084780000)
 Metaspace       used 56961K, capacity 59070K, committed 59160K, reserved 1099776K
  class space    used 7816K, capacity 8292K, committed 8368K, reserved 1048576K
}
Event: 23.257 GC heap before
{Heap before GC invocations=12 (full 3):
 PSYoungGen      total 238592K, used 17388K [0x00000000d5580000, 0x00000000e8f80000, 0x0000000100000000)
  eden space 221184K, 0% used [0x00000000d5580000,0x00000000d5580000,0x00000000e2d80000)
  from space 17408K, 99% used [0x00000000e2d80000,0x00000000e3e7b220,0x00000000e3e80000)
  to   space 22528K, 0% used [0x00000000e7980000,0x00000000e7980000,0x00000000e8f80000)
 ParOldGen       total 73216K, used 25180K [0x0000000080000000, 0x0000000084780000, 0x00000000d5580000)
  object space 73216K, 34% used [0x0000000080000000,0x0000000081897370,0x0000000084780000)
 Metaspace       used 56961K, capacity 59070K, committed 59160K, reserved 1099776K
  class space    used 7816K, capacity 8292K, committed 8368K, reserved 1048576K
Event: 23.412 GC heap after
Heap after GC invocations=12 (full 3):
 PSYoungGen      total 238592K, used 0K [0x00000000d5580000, 0x00000000e8f80000, 0x0000000100000000)
  eden space 221184K, 0% used [0x00000000d5580000,0x00000000d5580000,0x00000000e2d80000)
  from space 17408K, 0% used [0x00000000e2d80000,0x00000000e2d80000,0x00000000e3e80000)
  to   space 22528K, 0% used [0x00000000e7980000,0x00000000e7980000,0x00000000e8f80000)
 ParOldGen       total 103424K, used 35541K [0x0000000080000000, 0x0000000086500000, 0x00000000d5580000)
  object space 103424K, 34% used [0x0000000080000000,0x00000000822b57f8,0x0000000086500000)
 Metaspace       used 56925K, capacity 58944K, committed 59160K, reserved 1099776K
  class space    used 7805K, capacity 8271K, committed 8368K, reserved 1048576K
}
Event: 31.629 GC heap before
{Heap before GC invocations=13 (full 3):
 PSYoungGen      total 238592K, used 221184K [0x00000000d5580000, 0x00000000e8f80000, 0x0000000100000000)
  eden space 221184K, 100% used [0x00000000d5580000,0x00000000e2d80000,0x00000000e2d80000)
  from space 17408K, 0% used [0x00000000e2d80000,0x00000000e2d80000,0x00000000e3e80000)
  to   space 22528K, 0% used [0x00000000e7980000,0x00000000e7980000,0x00000000e8f80000)
 ParOldGen       total 103424K, used 35541K [0x0000000080000000, 0x0000000086500000, 0x00000000d5580000)
  object space 103424K, 34% used [0x0000000080000000,0x00000000822b57f8,0x0000000086500000)
 Metaspace       used 67829K, capacity 71506K, committed 71856K, reserved 1112064K
  class space    used 9328K, capacity 10058K, committed 10160K, reserved 1048576K
Event: 31.647 GC heap after
Heap after GC invocations=13 (full 3):
 PSYoungGen      total 297472K, used 18322K [0x00000000d5580000, 0x00000000ea380000, 0x0000000100000000)
  eden space 274944K, 0% used [0x00000000d5580000,0x00000000d5580000,0x00000000e6200000)
  from space 22528K, 81% used [0x00000000e7980000,0x00000000e8b64ac8,0x00000000e8f80000)
  to   space 24064K, 0% used [0x00000000e6200000,0x00000000e6200000,0x00000000e7980000)
 ParOldGen       total 103424K, used 35549K [0x0000000080000000, 0x0000000086500000, 0x00000000d5580000)
  object space 103424K, 34% used [0x0000000080000000,0x00000000822b77f8,0x0000000086500000)
 Metaspace       used 67829K, capacity 71506K, committed 71856K, reserved 1112064K
  class space    used 9328K, capacity 10058K, committed 10160K, reserved 1048576K
}
Event: 40.825 GC heap before
{Heap before GC invocations=14 (full 3):
 PSYoungGen      total 297472K, used 293266K [0x00000000d5580000, 0x00000000ea380000, 0x0000000100000000)
  eden space 274944K, 100% used [0x00000000d5580000,0x00000000e6200000,0x00000000e6200000)
  from space 22528K, 81% used [0x00000000e7980000,0x00000000e8b64ac8,0x00000000e8f80000)
  to   space 24064K, 0% used [0x00000000e6200000,0x00000000e6200000,0x00000000e7980000)
 ParOldGen       total 103424K, used 35549K [0x0000000080000000, 0x0000000086500000, 0x00000000d5580000)
  object space 103424K, 34% used [0x0000000080000000,0x00000000822b77f8,0x0000000086500000)
 Metaspace       used 82487K, capacity 87268K, committed 87344K, reserved 1124352K
  class space    used 11447K, capacity 12303K, committed 12336K, reserved 1048576K
Event: 40.851 GC heap after
Heap after GC invocations=14 (full 3):
 PSYoungGen      total 299008K, used 19139K [0x00000000d5580000, 0x00000000ee400000, 0x0000000100000000)
  eden space 274944K, 0% used [0x00000000d5580000,0x00000000d5580000,0x00000000e6200000)
  from space 24064K, 79% used [0x00000000e6200000,0x00000000e74b0d30,0x00000000e7980000)
  to   space 26112K, 0% used [0x00000000eca80000,0x00000000eca80000,0x00000000ee400000)
 ParOldGen       total 103424K, used 47063K [0x0000000080000000, 0x0000000086500000, 0x00000000d5580000)
  object space 103424K, 45% used [0x0000000080000000,0x0000000082df5c60,0x0000000086500000)
 Metaspace       used 82487K, capacity 87268K, committed 87344K, reserved 1124352K
  class space    used 11447K, capacity 12303K, committed 12336K, reserved 1048576K
}
Event: 140.350 GC heap before
{Heap before GC invocations=15 (full 3):
 PSYoungGen      total 299008K, used 294083K [0x00000000d5580000, 0x00000000ee400000, 0x0000000100000000)
  eden space 274944K, 100% used [0x00000000d5580000,0x00000000e6200000,0x00000000e6200000)
  from space 24064K, 79% used [0x00000000e6200000,0x00000000e74b0d30,0x00000000e7980000)
  to   space 26112K, 0% used [0x00000000eca80000,0x00000000eca80000,0x00000000ee400000)
 ParOldGen       total 103424K, used 47063K [0x0000000080000000, 0x0000000086500000, 0x00000000d5580000)
  object space 103424K, 45% used [0x0000000080000000,0x0000000082df5c60,0x0000000086500000)
 Metaspace       used 87643K, capacity 92682K, committed 92848K, reserved 1130496K
  class space    used 11817K, capacity 12704K, committed 12720K, reserved 1048576K
Event: 140.423 GC heap after
Heap after GC invocations=15 (full 3):
 PSYoungGen      total 370688K, used 26086K [0x00000000d5580000, 0x00000000eee00000, 0x0000000100000000)
  eden space 344576K, 0% used [0x00000000d5580000,0x00000000d5580000,0x00000000ea600000)
  from space 26112K, 99% used [0x00000000eca80000,0x00000000ee3f98e8,0x00000000ee400000)
  to   space 36864K, 0% used [0x00000000ea600000,0x00000000ea600000,0x00000000eca00000)
 ParOldGen       total 103424K, used 66369K [0x0000000080000000, 0x0000000086500000, 0x00000000d5580000)
  object space 103424K, 64% used [0x0000000080000000,0x00000000840d0448,0x0000000086500000)
 Metaspace       used 87643K, capacity 92682K, committed 92848K, reserved 1130496K
  class space    used 11817K, capacity 12704K, committed 12720K, reserved 1048576K
}

