# JRE version: OpenJDK Runtime Environment (8.0_242-b01) (build 1.8.0_242-release-1644-b01)
# Java VM: OpenJDK 64-Bit Server VM (25.242-b01 mixed mode windows-amd64 compressed oops)
Heap:
 PSYoungGen      total 119296K, used 107520K [0x00000000d5580000, 0x00000000e0200000, 0x0000000100000000)
  eden space 107520K, 100% used [0x00000000d5580000,0x00000000dbe80000,0x00000000dbe80000)
  from space 11776K, 0% used [0x00000000dbe80000,0x00000000dbe80000,0x00000000dca00000)
  to   space 11776K, 53% used [0x00000000df680000,0x00000000dfc9b2e0,0x00000000e0200000)
 ParOldGen       total 56832K, used 15327K [0x0000000080000000, 0x0000000083780000, 0x00000000d5580000)
  object space 56832K, 26% used [0x0000000080000000,0x0000000080ef7f48,0x0000000083780000)
 Metaspace       used 44302K, capacity 45810K, committed 46128K, reserved 1089536K
  class space    used 6000K, capacity 6339K, committed 6448K, reserved 1048576K
GC Heap History (10 events):
Event: 2.724 GC heap after
Heap after GC invocations=7 (full 1):
 PSYoungGen      total 74752K, used 0K [0x00000000d5580000, 0x00000000dab80000, 0x0000000100000000)
  eden space 64512K, 0% used [0x00000000d5580000,0x00000000d5580000,0x00000000d9480000)
  from space 10240K, 0% used [0x00000000d9f80000,0x00000000d9f80000,0x00000000da980000)
  to   space 11264K, 0% used [0x00000000d9480000,0x00000000d9480000,0x00000000d9f80000)
 ParOldGen       total 56832K, used 8946K [0x0000000080000000, 0x0000000083780000, 0x00000000d5580000)
  object space 56832K, 15% used [0x0000000080000000,0x00000000808bc8d0,0x0000000083780000)
 Metaspace       used 20517K, capacity 21240K, committed 21296K, reserved 1067008K
  class space    used 2873K, capacity 3088K, committed 3120K, reserved 1048576K
}
Event: 3.149 GC heap before
{Heap before GC invocations=8 (full 1):
 PSYoungGen      total 74752K, used 64512K [0x00000000d5580000, 0x00000000dab80000, 0x0000000100000000)
  eden space 64512K, 100% used [0x00000000d5580000,0x00000000d9480000,0x00000000d9480000)
  from space 10240K, 0% used [0x00000000d9f80000,0x00000000d9f80000,0x00000000da980000)
  to   space 11264K, 0% used [0x00000000d9480000,0x00000000d9480000,0x00000000d9f80000)
 ParOldGen       total 56832K, used 8946K [0x0000000080000000, 0x0000000083780000, 0x00000000d5580000)
  object space 56832K, 15% used [0x0000000080000000,0x00000000808bc8d0,0x0000000083780000)
 Metaspace       used 28146K, capacity 28928K, committed 29232K, reserved 1075200K
  class space    used 3888K, capacity 4131K, committed 4144K, reserved 1048576K
Event: 3.156 GC heap after
Heap after GC invocations=8 (full 1):
 PSYoungGen      total 75776K, used 8182K [0x00000000d5580000, 0x00000000dd500000, 0x0000000100000000)
  eden space 64512K, 0% used [0x00000000d5580000,0x00000000d5580000,0x00000000d9480000)
  from space 11264K, 72% used [0x00000000d9480000,0x00000000d9c7da98,0x00000000d9f80000)
  to   space 11264K, 0% used [0x00000000dca00000,0x00000000dca00000,0x00000000dd500000)
 ParOldGen       total 56832K, used 8954K [0x0000000080000000, 0x0000000083780000, 0x00000000d5580000)
  object space 56832K, 15% used [0x0000000080000000,0x00000000808be8d0,0x0000000083780000)
 Metaspace       used 28146K, capacity 28928K, committed 29232K, reserved 1075200K
  class space    used 3888K, capacity 4131K, committed 4144K, reserved 1048576K
}
Event: 3.513 GC heap before
{Heap before GC invocations=9 (full 1):
 PSYoungGen      total 75776K, used 72694K [0x00000000d5580000, 0x00000000dd500000, 0x0000000100000000)
  eden space 64512K, 100% used [0x00000000d5580000,0x00000000d9480000,0x00000000d9480000)
  from space 11264K, 72% used [0x00000000d9480000,0x00000000d9c7da98,0x00000000d9f80000)
  to   space 11264K, 0% used [0x00000000dca00000,0x00000000dca00000,0x00000000dd500000)
 ParOldGen       total 56832K, used 8954K [0x0000000080000000, 0x0000000083780000, 0x00000000d5580000)
  object space 56832K, 15% used [0x0000000080000000,0x00000000808be8d0,0x0000000083780000)
 Metaspace       used 32180K, capacity 32996K, committed 33072K, reserved 1077248K
  class space    used 4393K, capacity 4613K, committed 4656K, reserved 1048576K
Event: 3.521 GC heap after
Heap after GC invocations=9 (full 1):
 PSYoungGen      total 118784K, used 8617K [0x00000000d5580000, 0x00000000dd700000, 0x0000000100000000)
  eden space 107520K, 0% used [0x00000000d5580000,0x00000000d5580000,0x00000000dbe80000)
  from space 11264K, 76% used [0x00000000dca00000,0x00000000dd26a6c8,0x00000000dd500000)
  to   space 11776K, 0% used [0x00000000dbe80000,0x00000000dbe80000,0x00000000dca00000)
 ParOldGen       total 56832K, used 8962K [0x0000000080000000, 0x0000000083780000, 0x00000000d5580000)
  object space 56832K, 15% used [0x0000000080000000,0x00000000808c08d0,0x0000000083780000)
 Metaspace       used 32180K, capacity 32996K, committed 33072K, reserved 1077248K
  class space    used 4393K, capacity 4613K, committed 4656K, reserved 1048576K
}
Event: 3.763 GC heap before
{Heap before GC invocations=10 (full 1):
 PSYoungGen      total 118784K, used 58012K [0x00000000d5580000, 0x00000000dd700000, 0x0000000100000000)
  eden space 107520K, 45% used [0x00000000d5580000,0x00000000d85bcb10,0x00000000dbe80000)
  from space 11264K, 76% used [0x00000000dca00000,0x00000000dd26a6c8,0x00000000dd500000)
  to   space 11776K, 0% used [0x00000000dbe80000,0x00000000dbe80000,0x00000000dca00000)
 ParOldGen       total 56832K, used 8962K [0x0000000080000000, 0x0000000083780000, 0x00000000d5580000)
  object space 56832K, 15% used [0x0000000080000000,0x00000000808c08d0,0x0000000083780000)
 Metaspace       used 34534K, capacity 35406K, committed 35496K, reserved 1079296K
  class space    used 4741K, capacity 4974K, committed 5040K, reserved 1048576K
Event: 3.770 GC heap after
Heap after GC invocations=10 (full 1):
 PSYoungGen      total 119296K, used 8762K [0x00000000d5580000, 0x00000000e0200000, 0x0000000100000000)
  eden space 107520K, 0% used [0x00000000d5580000,0x00000000d5580000,0x00000000dbe80000)
  from space 11776K, 74% used [0x00000000dbe80000,0x00000000dc70eab0,0x00000000dca00000)
  to   space 11776K, 0% used [0x00000000df680000,0x00000000df680000,0x00000000e0200000)
 ParOldGen       total 56832K, used 8970K [0x0000000080000000, 0x0000000083780000, 0x00000000d5580000)
  object space 56832K, 15% used [0x0000000080000000,0x00000000808c28d0,0x0000000083780000)
 Metaspace       used 34534K, capacity 35406K, committed 35496K, reserved 1079296K
  class space    used 4741K, capacity 4974K, committed 5040K, reserved 1048576K
}
Event: 3.770 GC heap before
{Heap before GC invocations=11 (full 2):
 PSYoungGen      total 119296K, used 8762K [0x00000000d5580000, 0x00000000e0200000, 0x0000000100000000)
  eden space 107520K, 0% used [0x00000000d5580000,0x00000000d5580000,0x00000000dbe80000)
  from space 11776K, 74% used [0x00000000dbe80000,0x00000000dc70eab0,0x00000000dca00000)
  to   space 11776K, 0% used [0x00000000df680000,0x00000000df680000,0x00000000e0200000)
 ParOldGen       total 56832K, used 8970K [0x0000000080000000, 0x0000000083780000, 0x00000000d5580000)
  object space 56832K, 15% used [0x0000000080000000,0x00000000808c28d0,0x0000000083780000)
 Metaspace       used 34534K, capacity 35406K, committed 35496K, reserved 1079296K
  class space    used 4741K, capacity 4974K, committed 5040K, reserved 1048576K
Event: 3.802 GC heap after
Heap after GC invocations=11 (full 2):
 PSYoungGen      total 119296K, used 0K [0x00000000d5580000, 0x00000000e0200000, 0x0000000100000000)
  eden space 107520K, 0% used [0x00000000d5580000,0x00000000d5580000,0x00000000dbe80000)
  from space 11776K, 0% used [0x00000000dbe80000,0x00000000dbe80000,0x00000000dca00000)
  to   space 11776K, 0% used [0x00000000df680000,0x00000000df680000,0x00000000e0200000)
 ParOldGen       total 56832K, used 15319K [0x0000000080000000, 0x0000000083780000, 0x00000000d5580000)
  object space 56832K, 26% used [0x0000000080000000,0x0000000080ef5f48,0x0000000083780000)
 Metaspace       used 34534K, capacity 35406K, committed 35496K, reserved 1079296K
  class space    used 4741K, capacity 4974K, committed 5040K, reserved 1048576K
}
Event: 4.800 GC heap before
{Heap before GC invocations=12 (full 2):
 PSYoungGen      total 119296K, used 107520K [0x00000000d5580000, 0x00000000e0200000, 0x0000000100000000)
  eden space 107520K, 100% used [0x00000000d5580000,0x00000000dbe80000,0x00000000dbe80000)
  from space 11776K, 0% used [0x00000000dbe80000,0x00000000dbe80000,0x00000000dca00000)
  to   space 11776K, 0% used [0x00000000df680000,0x00000000df680000,0x00000000e0200000)
 ParOldGen       total 56832K, used 15319K [0x0000000080000000, 0x0000000083780000, 0x00000000d5580000)
  object space 56832K, 26% used [0x0000000080000000,0x0000000080ef5f48,0x0000000083780000)
 Metaspace       used 44302K, capacity 45810K, committed 46128K, reserved 1089536K
  class space    used 6000K, capacity 6339K, committed 6448K, reserved 1048576K

