# JRE version: OpenJDK Runtime Environment (8.0_242-b01) (build 1.8.0_242-release-1644-b01)
# Java VM: OpenJDK 64-Bit Server VM (25.242-b01 mixed mode windows-amd64 compressed oops)
Heap:
 PSYoungGen      total 457216K, used 423198K [0x00000000e0000000, 0x0000000100000000, 0x0000000100000000)
  eden space 421888K, 99% used [0x00000000e0000000,0x00000000f98bf958,0x00000000f9c00000)
  from space 35328K, 13% used [0x00000000f9c00000,0x00000000fa088000,0x00000000fbe80000)
  to   space 34816K, 0% used [0x00000000fde00000,0x00000000fde00000,0x0000000100000000)
 ParOldGen       total 184832K, used 133327K [0x00000000a0000000, 0x00000000ab480000, 0x00000000e0000000)
  object space 184832K, 72% used [0x00000000a0000000,0x00000000a8233e88,0x00000000ab480000)
 Metaspace       used 137964K, capacity 145638K, committed 145840K, reserved 1175552K
  class space    used 17652K, capacity 19089K, committed 19120K, reserved 1048576K
GC Heap History (10 events):
Event: 5625.287 GC heap before
{Heap before GC invocations=37 (full 4):
 PSYoungGen      total 314880K, used 312607K [0x00000000e0000000, 0x00000000f7f00000, 0x0000000100000000)
  eden space 292352K, 100% used [0x00000000e0000000,0x00000000f1d80000,0x00000000f1d80000)
  from space 22528K, 89% used [0x00000000f4180000,0x00000000f5547e00,0x00000000f5780000)
  to   space 36864K, 0% used [0x00000000f1d80000,0x00000000f1d80000,0x00000000f4180000)
 ParOldGen       total 184832K, used 103906K [0x00000000a0000000, 0x00000000ab480000, 0x00000000e0000000)
  object space 184832K, 56% used [0x00000000a0000000,0x00000000a6578868,0x00000000ab480000)
 Metaspace       used 134664K, capacity 142120K, committed 142384K, reserved 1173504K
  class space    used 17228K, capacity 18626K, committed 18736K, reserved 1048576K
Event: 5625.303 GC heap after
Heap after GC invocations=37 (full 4):
 PSYoungGen      total 329216K, used 7673K [0x00000000e0000000, 0x00000000f9d80000, 0x0000000100000000)
  eden space 292352K, 0% used [0x00000000e0000000,0x00000000e0000000,0x00000000f1d80000)
  from space 36864K, 20% used [0x00000000f1d80000,0x00000000f24fe468,0x00000000f4180000)
  to   space 36864K, 0% used [0x00000000f7980000,0x00000000f7980000,0x00000000f9d80000)
 ParOldGen       total 184832K, used 116372K [0x00000000a0000000, 0x00000000ab480000, 0x00000000e0000000)
  object space 184832K, 62% used [0x00000000a0000000,0x00000000a71a5270,0x00000000ab480000)
 Metaspace       used 134664K, capacity 142120K, committed 142384K, reserved 1173504K
  class space    used 17228K, capacity 18626K, committed 18736K, reserved 1048576K
}
Event: 5625.622 GC heap before
{Heap before GC invocations=38 (full 4):
 PSYoungGen      total 329216K, used 300025K [0x00000000e0000000, 0x00000000f9d80000, 0x0000000100000000)
  eden space 292352K, 100% used [0x00000000e0000000,0x00000000f1d80000,0x00000000f1d80000)
  from space 36864K, 20% used [0x00000000f1d80000,0x00000000f24fe468,0x00000000f4180000)
  to   space 36864K, 0% used [0x00000000f7980000,0x00000000f7980000,0x00000000f9d80000)
 ParOldGen       total 184832K, used 116372K [0x00000000a0000000, 0x00000000ab480000, 0x00000000e0000000)
  object space 184832K, 62% used [0x00000000a0000000,0x00000000a71a5270,0x00000000ab480000)
 Metaspace       used 134860K, capacity 142278K, committed 142640K, reserved 1173504K
  class space    used 17230K, capacity 18629K, committed 18736K, reserved 1048576K
Event: 5625.636 GC heap after
Heap after GC invocations=38 (full 4):
 PSYoungGen      total 387584K, used 10618K [0x00000000e0000000, 0x00000000f9d80000, 0x0000000100000000)
  eden space 350720K, 0% used [0x00000000e0000000,0x00000000e0000000,0x00000000f5680000)
  from space 36864K, 28% used [0x00000000f7980000,0x00000000f83de930,0x00000000f9d80000)
  to   space 35840K, 0% used [0x00000000f5680000,0x00000000f5680000,0x00000000f7980000)
 ParOldGen       total 184832K, used 120372K [0x00000000a0000000, 0x00000000ab480000, 0x00000000e0000000)
  object space 184832K, 65% used [0x00000000a0000000,0x00000000a758d058,0x00000000ab480000)
 Metaspace       used 134860K, capacity 142278K, committed 142640K, reserved 1173504K
  class space    used 17230K, capacity 18629K, committed 18736K, reserved 1048576K
}
Event: 5626.113 GC heap before
{Heap before GC invocations=39 (full 4):
 PSYoungGen      total 387584K, used 361338K [0x00000000e0000000, 0x00000000f9d80000, 0x0000000100000000)
  eden space 350720K, 100% used [0x00000000e0000000,0x00000000f5680000,0x00000000f5680000)
  from space 36864K, 28% used [0x00000000f7980000,0x00000000f83de930,0x00000000f9d80000)
  to   space 35840K, 0% used [0x00000000f5680000,0x00000000f5680000,0x00000000f7980000)
 ParOldGen       total 184832K, used 120372K [0x00000000a0000000, 0x00000000ab480000, 0x00000000e0000000)
  object space 184832K, 65% used [0x00000000a0000000,0x00000000a758d058,0x00000000ab480000)
 Metaspace       used 135050K, capacity 142496K, committed 142640K, reserved 1173504K
  class space    used 17232K, capacity 18630K, committed 18736K, reserved 1048576K
Event: 5626.126 GC heap after
Heap after GC invocations=39 (full 4):
 PSYoungGen      total 386560K, used 4748K [0x00000000e0000000, 0x00000000fe280000, 0x0000000100000000)
  eden space 350720K, 0% used [0x00000000e0000000,0x00000000e0000000,0x00000000f5680000)
  from space 35840K, 13% used [0x00000000f5680000,0x00000000f5b23120,0x00000000f7980000)
  to   space 35840K, 0% used [0x00000000fbf80000,0x00000000fbf80000,0x00000000fe280000)
 ParOldGen       total 184832K, used 127912K [0x00000000a0000000, 0x00000000ab480000, 0x00000000e0000000)
  object space 184832K, 69% used [0x00000000a0000000,0x00000000a7cea080,0x00000000ab480000)
 Metaspace       used 135050K, capacity 142496K, committed 142640K, reserved 1173504K
  class space    used 17232K, capacity 18630K, committed 18736K, reserved 1048576K
}
Event: 5626.552 GC heap before
{Heap before GC invocations=40 (full 4):
 PSYoungGen      total 386560K, used 355468K [0x00000000e0000000, 0x00000000fe280000, 0x0000000100000000)
  eden space 350720K, 100% used [0x00000000e0000000,0x00000000f5680000,0x00000000f5680000)
  from space 35840K, 13% used [0x00000000f5680000,0x00000000f5b23120,0x00000000f7980000)
  to   space 35840K, 0% used [0x00000000fbf80000,0x00000000fbf80000,0x00000000fe280000)
 ParOldGen       total 184832K, used 127912K [0x00000000a0000000, 0x00000000ab480000, 0x00000000e0000000)
  object space 184832K, 69% used [0x00000000a0000000,0x00000000a7cea080,0x00000000ab480000)
 Metaspace       used 135145K, capacity 142602K, committed 142896K, reserved 1173504K
  class space    used 17242K, capacity 18637K, committed 18736K, reserved 1048576K
Event: 5626.562 GC heap after
Heap after GC invocations=40 (full 4):
 PSYoungGen      total 456192K, used 4736K [0x00000000e0000000, 0x00000000fe100000, 0x0000000100000000)
  eden space 421888K, 0% used [0x00000000e0000000,0x00000000e0000000,0x00000000f9c00000)
  from space 34304K, 13% used [0x00000000fbf80000,0x00000000fc420010,0x00000000fe100000)
  to   space 35328K, 0% used [0x00000000f9c00000,0x00000000f9c00000,0x00000000fbe80000)
 ParOldGen       total 184832K, used 131032K [0x00000000a0000000, 0x00000000ab480000, 0x00000000e0000000)
  object space 184832K, 70% used [0x00000000a0000000,0x00000000a7ff6168,0x00000000ab480000)
 Metaspace       used 135145K, capacity 142602K, committed 142896K, reserved 1173504K
  class space    used 17242K, capacity 18637K, committed 18736K, reserved 1048576K
}
Event: 5627.221 GC heap before
{Heap before GC invocations=41 (full 4):
 PSYoungGen      total 456192K, used 426624K [0x00000000e0000000, 0x00000000fe100000, 0x0000000100000000)
  eden space 421888K, 100% used [0x00000000e0000000,0x00000000f9c00000,0x00000000f9c00000)
  from space 34304K, 13% used [0x00000000fbf80000,0x00000000fc420010,0x00000000fe100000)
  to   space 35328K, 0% used [0x00000000f9c00000,0x00000000f9c00000,0x00000000fbe80000)
 ParOldGen       total 184832K, used 131032K [0x00000000a0000000, 0x00000000ab480000, 0x00000000e0000000)
  object space 184832K, 70% used [0x00000000a0000000,0x00000000a7ff6168,0x00000000ab480000)
 Metaspace       used 135576K, capacity 143016K, committed 143152K, reserved 1173504K
  class space    used 17298K, capacity 18706K, committed 18736K, reserved 1048576K
Event: 5627.230 GC heap after
Heap after GC invocations=41 (full 4):
 PSYoungGen      total 457216K, used 4640K [0x00000000e0000000, 0x0000000100000000, 0x0000000100000000)
  eden space 421888K, 0% used [0x00000000e0000000,0x00000000e0000000,0x00000000f9c00000)
  from space 35328K, 13% used [0x00000000f9c00000,0x00000000fa088000,0x00000000fbe80000)
  to   space 34816K, 0% used [0x00000000fde00000,0x00000000fde00000,0x0000000100000000)
 ParOldGen       total 184832K, used 133327K [0x00000000a0000000, 0x00000000ab480000, 0x00000000e0000000)
  object space 184832K, 72% used [0x00000000a0000000,0x00000000a8233e88,0x00000000ab480000)
 Metaspace       used 135576K, capacity 143016K, committed 143152K, reserved 1173504K
  class space    used 17298K, capacity 18706K, committed 18736K, reserved 1048576K
}

