# JRE version: OpenJDK Runtime Environment (8.0_242-b01) (build 1.8.0_242-release-1644-b01)
# Java VM: OpenJDK 64-Bit Server VM (25.242-b01 mixed mode windows-amd64 compressed oops)
Heap:
 PSYoungGen      total 135168K, used 50509K [0x00000000d5580000, 0x00000000de700000, 0x0000000100000000)
  eden space 123392K, 40% used [0x00000000d5580000,0x00000000d86d3710,0x00000000dce00000)
  from space 11776K, 0% used [0x00000000dd000000,0x00000000dd000000,0x00000000ddb80000)
  to   space 8704K, 0% used [0x00000000dde80000,0x00000000dde80000,0x00000000de700000)
 ParOldGen       total 67584K, used 17950K [0x0000000080000000, 0x0000000084200000, 0x00000000d5580000)
  object space 67584K, 26% used [0x0000000080000000,0x0000000081187930,0x0000000084200000)
 Metaspace       used 36604K, capacity 38040K, committed 38192K, reserved 1081344K
  class space    used 5065K, capacity 5391K, committed 5424K, reserved 1048576K
GC Heap History (10 events):
Event: 2.680 GC heap before
{Heap before GC invocations=7 (full 0):
 PSYoungGen      total 74752K, used 10483K [0x00000000d5580000, 0x00000000dab80000, 0x0000000100000000)
  eden space 64512K, 3% used [0x00000000d5580000,0x00000000d576cf38,0x00000000d9480000)
  from space 10240K, 83% used [0x00000000d9f80000,0x00000000da7cfe80,0x00000000da980000)
  to   space 11264K, 0% used [0x00000000d9480000,0x00000000d9480000,0x00000000d9f80000)
 ParOldGen       total 86016K, used 7206K [0x0000000080000000, 0x0000000085400000, 0x00000000d5580000)
  object space 86016K, 8% used [0x0000000080000000,0x0000000080709a28,0x0000000085400000)
 Metaspace       used 20650K, capacity 21272K, committed 21296K, reserved 1067008K
  class space    used 2897K, capacity 3120K, committed 3120K, reserved 1048576K
Event: 2.685 GC heap after
Heap after GC invocations=7 (full 0):
 PSYoungGen      total 75776K, used 4000K [0x00000000d5580000, 0x00000000de980000, 0x0000000100000000)
  eden space 64512K, 0% used [0x00000000d5580000,0x00000000d5580000,0x00000000d9480000)
  from space 11264K, 35% used [0x00000000d9480000,0x00000000d9868030,0x00000000d9f80000)
  to   space 11264K, 0% used [0x00000000dde80000,0x00000000dde80000,0x00000000de980000)
 ParOldGen       total 86016K, used 9486K [0x0000000080000000, 0x0000000085400000, 0x00000000d5580000)
  object space 86016K, 11% used [0x0000000080000000,0x0000000080943a78,0x0000000085400000)
 Metaspace       used 20650K, capacity 21272K, committed 21296K, reserved 1067008K
  class space    used 2897K, capacity 3120K, committed 3120K, reserved 1048576K
}
Event: 2.685 GC heap before
{Heap before GC invocations=8 (full 1):
 PSYoungGen      total 75776K, used 4000K [0x00000000d5580000, 0x00000000de980000, 0x0000000100000000)
  eden space 64512K, 0% used [0x00000000d5580000,0x00000000d5580000,0x00000000d9480000)
  from space 11264K, 35% used [0x00000000d9480000,0x00000000d9868030,0x00000000d9f80000)
  to   space 11264K, 0% used [0x00000000dde80000,0x00000000dde80000,0x00000000de980000)
 ParOldGen       total 86016K, used 9486K [0x0000000080000000, 0x0000000085400000, 0x00000000d5580000)
  object space 86016K, 11% used [0x0000000080000000,0x0000000080943a78,0x0000000085400000)
 Metaspace       used 20650K, capacity 21272K, committed 21296K, reserved 1067008K
  class space    used 2897K, capacity 3120K, committed 3120K, reserved 1048576K
Event: 2.711 GC heap after
Heap after GC invocations=8 (full 1):
 PSYoungGen      total 75776K, used 0K [0x00000000d5580000, 0x00000000de980000, 0x0000000100000000)
  eden space 64512K, 0% used [0x00000000d5580000,0x00000000d5580000,0x00000000d9480000)
  from space 11264K, 0% used [0x00000000d9480000,0x00000000d9480000,0x00000000d9f80000)
  to   space 11264K, 0% used [0x00000000dde80000,0x00000000dde80000,0x00000000de980000)
 ParOldGen       total 46592K, used 6925K [0x0000000080000000, 0x0000000082d80000, 0x00000000d5580000)
  object space 46592K, 14% used [0x0000000080000000,0x00000000806c3510,0x0000000082d80000)
 Metaspace       used 20650K, capacity 21272K, committed 21296K, reserved 1067008K
  class space    used 2897K, capacity 3120K, committed 3120K, reserved 1048576K
}
Event: 3.126 GC heap before
{Heap before GC invocations=9 (full 1):
 PSYoungGen      total 75776K, used 64321K [0x00000000d5580000, 0x00000000de980000, 0x0000000100000000)
  eden space 64512K, 99% used [0x00000000d5580000,0x00000000d9450798,0x00000000d9480000)
  from space 11264K, 0% used [0x00000000d9480000,0x00000000d9480000,0x00000000d9f80000)
  to   space 11264K, 0% used [0x00000000dde80000,0x00000000dde80000,0x00000000de980000)
 ParOldGen       total 46592K, used 6925K [0x0000000080000000, 0x0000000082d80000, 0x00000000d5580000)
  object space 46592K, 14% used [0x0000000080000000,0x00000000806c3510,0x0000000082d80000)
 Metaspace       used 28220K, capacity 28928K, committed 29232K, reserved 1075200K
  class space    used 3899K, capacity 4131K, committed 4144K, reserved 1048576K
Event: 3.132 GC heap after
Heap after GC invocations=9 (full 1):
 PSYoungGen      total 132096K, used 8599K [0x00000000d5580000, 0x00000000de700000, 0x0000000100000000)
  eden space 123392K, 0% used [0x00000000d5580000,0x00000000d5580000,0x00000000dce00000)
  from space 8704K, 98% used [0x00000000dde80000,0x00000000de6e5fb8,0x00000000de700000)
  to   space 11776K, 0% used [0x00000000dd000000,0x00000000dd000000,0x00000000ddb80000)
 ParOldGen       total 46592K, used 6933K [0x0000000080000000, 0x0000000082d80000, 0x00000000d5580000)
  object space 46592K, 14% used [0x0000000080000000,0x00000000806c5510,0x0000000082d80000)
 Metaspace       used 28220K, capacity 28928K, committed 29232K, reserved 1075200K
  class space    used 3899K, capacity 4131K, committed 4144K, reserved 1048576K
}
Event: 3.728 GC heap before
{Heap before GC invocations=10 (full 1):
 PSYoungGen      total 132096K, used 120835K [0x00000000d5580000, 0x00000000de700000, 0x0000000100000000)
  eden space 123392K, 90% used [0x00000000d5580000,0x00000000dc31ac50,0x00000000dce00000)
  from space 8704K, 98% used [0x00000000dde80000,0x00000000de6e5fb8,0x00000000de700000)
  to   space 11776K, 0% used [0x00000000dd000000,0x00000000dd000000,0x00000000ddb80000)
 ParOldGen       total 46592K, used 6933K [0x0000000080000000, 0x0000000082d80000, 0x00000000d5580000)
  object space 46592K, 14% used [0x0000000080000000,0x00000000806c5510,0x0000000082d80000)
 Metaspace       used 34540K, capacity 35418K, committed 35496K, reserved 1079296K
  class space    used 4747K, capacity 4976K, committed 5040K, reserved 1048576K
Event: 3.735 GC heap after
Heap after GC invocations=10 (full 1):
 PSYoungGen      total 135168K, used 11688K [0x00000000d5580000, 0x00000000de700000, 0x0000000100000000)
  eden space 123392K, 0% used [0x00000000d5580000,0x00000000d5580000,0x00000000dce00000)
  from space 11776K, 99% used [0x00000000dd000000,0x00000000ddb6a000,0x00000000ddb80000)
  to   space 8704K, 0% used [0x00000000dde80000,0x00000000dde80000,0x00000000de700000)
 ParOldGen       total 46592K, used 6941K [0x0000000080000000, 0x0000000082d80000, 0x00000000d5580000)
  object space 46592K, 14% used [0x0000000080000000,0x00000000806c7510,0x0000000082d80000)
 Metaspace       used 34540K, capacity 35418K, committed 35496K, reserved 1079296K
  class space    used 4747K, capacity 4976K, committed 5040K, reserved 1048576K
}
Event: 3.735 GC heap before
{Heap before GC invocations=11 (full 2):
 PSYoungGen      total 135168K, used 11688K [0x00000000d5580000, 0x00000000de700000, 0x0000000100000000)
  eden space 123392K, 0% used [0x00000000d5580000,0x00000000d5580000,0x00000000dce00000)
  from space 11776K, 99% used [0x00000000dd000000,0x00000000ddb6a000,0x00000000ddb80000)
  to   space 8704K, 0% used [0x00000000dde80000,0x00000000dde80000,0x00000000de700000)
 ParOldGen       total 46592K, used 6941K [0x0000000080000000, 0x0000000082d80000, 0x00000000d5580000)
  object space 46592K, 14% used [0x0000000080000000,0x00000000806c7510,0x0000000082d80000)
 Metaspace       used 34540K, capacity 35418K, committed 35496K, reserved 1079296K
  class space    used 4747K, capacity 4976K, committed 5040K, reserved 1048576K
Event: 3.790 GC heap after
Heap after GC invocations=11 (full 2):
 PSYoungGen      total 135168K, used 0K [0x00000000d5580000, 0x00000000de700000, 0x0000000100000000)
  eden space 123392K, 0% used [0x00000000d5580000,0x00000000d5580000,0x00000000dce00000)
  from space 11776K, 0% used [0x00000000dd000000,0x00000000dd000000,0x00000000ddb80000)
  to   space 8704K, 0% used [0x00000000dde80000,0x00000000dde80000,0x00000000de700000)
 ParOldGen       total 67584K, used 17950K [0x0000000080000000, 0x0000000084200000, 0x00000000d5580000)
  object space 67584K, 26% used [0x0000000080000000,0x0000000081187930,0x0000000084200000)
 Metaspace       used 34540K, capacity 35418K, committed 35496K, reserved 1079296K
  class space    used 4747K, capacity 4976K, committed 5040K, reserved 1048576K
}

