# JRE version: OpenJDK Runtime Environment (8.0_242-b01) (build 1.8.0_242-release-1644-b01)
# Java VM: OpenJDK 64-Bit Server VM (25.242-b01 mixed mode windows-amd64 compressed oops)
Heap:
 PSYoungGen      total 74240K, used 66518K [0x00000000d5580000, 0x00000000de480000, 0x0000000100000000)
  eden space 64000K, 90% used [0x00000000d5580000,0x00000000d8e0cf58,0x00000000d9400000)
  from space 10240K, 84% used [0x00000000d9f80000,0x00000000da7e8948,0x00000000da980000)
  to   space 11776K, 0% used [0x00000000d9400000,0x00000000d9400000,0x00000000d9f80000)
 ParOldGen       total 46592K, used 6923K [0x0000000080000000, 0x0000000082d80000, 0x00000000d5580000)
  object space 46592K, 14% used [0x0000000080000000,0x00000000806c2f50,0x0000000082d80000)
 Metaspace       used 31887K, capacity 32696K, committed 32816K, reserved 1077248K
  class space    used 4349K, capacity 4578K, committed 4656K, reserved 1048576K
GC Heap History (10 events):
Event: 2.306 GC heap before
{Heap before GC invocations=5 (full 0):
 PSYoungGen      total 37888K, used 37856K [0x00000000d5580000, 0x00000000d9f80000, 0x0000000100000000)
  eden space 32768K, 100% used [0x00000000d5580000,0x00000000d7580000,0x00000000d7580000)
  from space 5120K, 99% used [0x00000000d7a80000,0x00000000d7f78020,0x00000000d7f80000)
  to   space 5120K, 0% used [0x00000000d7580000,0x00000000d7580000,0x00000000d7a80000)
 ParOldGen       total 86016K, used 3956K [0x0000000080000000, 0x0000000085400000, 0x00000000d5580000)
  object space 86016K, 4% used [0x0000000080000000,0x00000000803dd220,0x0000000085400000)
 Metaspace       used 18082K, capacity 18662K, committed 18816K, reserved 1064960K
  class space    used 2480K, capacity 2671K, committed 2688K, reserved 1048576K
Event: 2.311 GC heap after
Heap after GC invocations=5 (full 0):
 PSYoungGen      total 37888K, used 5104K [0x00000000d5580000, 0x00000000da980000, 0x0000000100000000)
  eden space 32768K, 0% used [0x00000000d5580000,0x00000000d5580000,0x00000000d7580000)
  from space 5120K, 99% used [0x00000000d7580000,0x00000000d7a7c030,0x00000000d7a80000)
  to   space 10240K, 0% used [0x00000000d9f80000,0x00000000d9f80000,0x00000000da980000)
 ParOldGen       total 86016K, used 7197K [0x0000000080000000, 0x0000000085400000, 0x00000000d5580000)
  object space 86016K, 8% used [0x0000000080000000,0x00000000807076f8,0x0000000085400000)
 Metaspace       used 18082K, capacity 18662K, committed 18816K, reserved 1064960K
  class space    used 2480K, capacity 2671K, committed 2688K, reserved 1048576K
}
Event: 2.565 GC heap before
{Heap before GC invocations=6 (full 0):
 PSYoungGen      total 37888K, used 37872K [0x00000000d5580000, 0x00000000da980000, 0x0000000100000000)
  eden space 32768K, 100% used [0x00000000d5580000,0x00000000d7580000,0x00000000d7580000)
  from space 5120K, 99% used [0x00000000d7580000,0x00000000d7a7c030,0x00000000d7a80000)
  to   space 10240K, 0% used [0x00000000d9f80000,0x00000000d9f80000,0x00000000da980000)
 ParOldGen       total 86016K, used 7197K [0x0000000080000000, 0x0000000085400000, 0x00000000d5580000)
  object space 86016K, 8% used [0x0000000080000000,0x00000000807076f8,0x0000000085400000)
 Metaspace       used 20585K, capacity 21240K, committed 21296K, reserved 1067008K
  class space    used 2885K, capacity 3088K, committed 3120K, reserved 1048576K
Event: 2.571 GC heap after
Heap after GC invocations=6 (full 0):
 PSYoungGen      total 74752K, used 8565K [0x00000000d5580000, 0x00000000dab80000, 0x0000000100000000)
  eden space 64512K, 0% used [0x00000000d5580000,0x00000000d5580000,0x00000000d9480000)
  from space 10240K, 83% used [0x00000000d9f80000,0x00000000da7dd6c8,0x00000000da980000)
  to   space 11264K, 0% used [0x00000000d9480000,0x00000000d9480000,0x00000000d9f80000)
 ParOldGen       total 86016K, used 7205K [0x0000000080000000, 0x0000000085400000, 0x00000000d5580000)
  object space 86016K, 8% used [0x0000000080000000,0x00000000807096f8,0x0000000085400000)
 Metaspace       used 20585K, capacity 21240K, committed 21296K, reserved 1067008K
  class space    used 2885K, capacity 3088K, committed 3120K, reserved 1048576K
}
Event: 2.577 GC heap before
{Heap before GC invocations=7 (full 0):
 PSYoungGen      total 74752K, used 10528K [0x00000000d5580000, 0x00000000dab80000, 0x0000000100000000)
  eden space 64512K, 3% used [0x00000000d5580000,0x00000000d576aa80,0x00000000d9480000)
  from space 10240K, 83% used [0x00000000d9f80000,0x00000000da7dd6c8,0x00000000da980000)
  to   space 11264K, 0% used [0x00000000d9480000,0x00000000d9480000,0x00000000d9f80000)
 ParOldGen       total 86016K, used 7205K [0x0000000080000000, 0x0000000085400000, 0x00000000d5580000)
  object space 86016K, 8% used [0x0000000080000000,0x00000000807096f8,0x0000000085400000)
 Metaspace       used 20649K, capacity 21272K, committed 21296K, reserved 1067008K
  class space    used 2896K, capacity 3120K, committed 3120K, reserved 1048576K
Event: 2.581 GC heap after
Heap after GC invocations=7 (full 0):
 PSYoungGen      total 75776K, used 4020K [0x00000000d5580000, 0x00000000dab80000, 0x0000000100000000)
  eden space 64512K, 0% used [0x00000000d5580000,0x00000000d5580000,0x00000000d9480000)
  from space 11264K, 35% used [0x00000000d9480000,0x00000000d986d040,0x00000000d9f80000)
  to   space 10240K, 0% used [0x00000000d9f80000,0x00000000d9f80000,0x00000000da980000)
 ParOldGen       total 86016K, used 9557K [0x0000000080000000, 0x0000000085400000, 0x00000000d5580000)
  object space 86016K, 11% used [0x0000000080000000,0x0000000080955768,0x0000000085400000)
 Metaspace       used 20649K, capacity 21272K, committed 21296K, reserved 1067008K
  class space    used 2896K, capacity 3120K, committed 3120K, reserved 1048576K
}
Event: 2.581 GC heap before
{Heap before GC invocations=8 (full 1):
 PSYoungGen      total 75776K, used 4020K [0x00000000d5580000, 0x00000000dab80000, 0x0000000100000000)
  eden space 64512K, 0% used [0x00000000d5580000,0x00000000d5580000,0x00000000d9480000)
  from space 11264K, 35% used [0x00000000d9480000,0x00000000d986d040,0x00000000d9f80000)
  to   space 10240K, 0% used [0x00000000d9f80000,0x00000000d9f80000,0x00000000da980000)
 ParOldGen       total 86016K, used 9557K [0x0000000080000000, 0x0000000085400000, 0x00000000d5580000)
  object space 86016K, 11% used [0x0000000080000000,0x0000000080955768,0x0000000085400000)
 Metaspace       used 20649K, capacity 21272K, committed 21296K, reserved 1067008K
  class space    used 2896K, capacity 3120K, committed 3120K, reserved 1048576K
Event: 2.604 GC heap after
Heap after GC invocations=8 (full 1):
 PSYoungGen      total 75776K, used 0K [0x00000000d5580000, 0x00000000dab80000, 0x0000000100000000)
  eden space 64512K, 0% used [0x00000000d5580000,0x00000000d5580000,0x00000000d9480000)
  from space 11264K, 0% used [0x00000000d9480000,0x00000000d9480000,0x00000000d9f80000)
  to   space 10240K, 0% used [0x00000000d9f80000,0x00000000d9f80000,0x00000000da980000)
 ParOldGen       total 46592K, used 6915K [0x0000000080000000, 0x0000000082d80000, 0x00000000d5580000)
  object space 46592K, 14% used [0x0000000080000000,0x00000000806c0f50,0x0000000082d80000)
 Metaspace       used 20649K, capacity 21272K, committed 21296K, reserved 1067008K
  class space    used 2896K, capacity 3120K, committed 3120K, reserved 1048576K
}
Event: 3.038 GC heap before
{Heap before GC invocations=9 (full 1):
 PSYoungGen      total 75776K, used 64357K [0x00000000d5580000, 0x00000000dab80000, 0x0000000100000000)
  eden space 64512K, 99% used [0x00000000d5580000,0x00000000d94597a0,0x00000000d9480000)
  from space 11264K, 0% used [0x00000000d9480000,0x00000000d9480000,0x00000000d9f80000)
  to   space 10240K, 0% used [0x00000000d9f80000,0x00000000d9f80000,0x00000000da980000)
 ParOldGen       total 46592K, used 6915K [0x0000000080000000, 0x0000000082d80000, 0x00000000d5580000)
  object space 46592K, 14% used [0x0000000080000000,0x00000000806c0f50,0x0000000082d80000)
 Metaspace       used 28224K, capacity 28928K, committed 29232K, reserved 1075200K
  class space    used 3899K, capacity 4131K, committed 4144K, reserved 1048576K
Event: 3.042 GC heap after
Heap after GC invocations=9 (full 1):
 PSYoungGen      total 74240K, used 8610K [0x00000000d5580000, 0x00000000de480000, 0x0000000100000000)
  eden space 64000K, 0% used [0x00000000d5580000,0x00000000d5580000,0x00000000d9400000)
  from space 10240K, 84% used [0x00000000d9f80000,0x00000000da7e8948,0x00000000da980000)
  to   space 11776K, 0% used [0x00000000d9400000,0x00000000d9400000,0x00000000d9f80000)
 ParOldGen       total 46592K, used 6923K [0x0000000080000000, 0x0000000082d80000, 0x00000000d5580000)
  object space 46592K, 14% used [0x0000000080000000,0x00000000806c2f50,0x0000000082d80000)
 Metaspace       used 28224K, capacity 28928K, committed 29232K, reserved 1075200K
  class space    used 3899K, capacity 4131K, committed 4144K, reserved 1048576K
}

