# JRE version: OpenJDK Runtime Environment (8.0_242-b01) (build 1.8.0_242-release-1644-b01)
# Java VM: OpenJDK 64-Bit Server VM (25.242-b01 mixed mode windows-amd64 compressed oops)
Heap:
 PSYoungGen      total 468992K, used 253512K [0x00000000d5580000, 0x00000000f4680000, 0x0000000100000000)
  eden space 444416K, 51% used [0x00000000d5580000,0x00000000e358c168,0x00000000f0780000)
  from space 24576K, 98% used [0x00000000f2e80000,0x00000000f4606090,0x00000000f4680000)
  to   space 28160K, 0% used [0x00000000f0f80000,0x00000000f0f80000,0x00000000f2b00000)
 ParOldGen       total 116224K, used 28020K [0x0000000080000000, 0x0000000087180000, 0x00000000d5580000)
  object space 116224K, 24% used [0x0000000080000000,0x0000000081b5d210,0x0000000087180000)
 Metaspace       used 84522K, capacity 90002K, committed 90160K, reserved 1126400K
  class space    used 11589K, capacity 12560K, committed 12592K, reserved 1048576K
GC Heap History (10 events):
Event: 45.319 GC heap before
{Heap before GC invocations=9 (full 2):
 PSYoungGen      total 272896K, used 8701K [0x00000000d5580000, 0x00000000ebe00000, 0x0000000100000000)
  eden space 257024K, 0% used [0x00000000d5580000,0x00000000d5580000,0x00000000e5080000)
  from space 15872K, 54% used [0x00000000e5080000,0x00000000e58ff790,0x00000000e6000000)
  to   space 15360K, 0% used [0x00000000eaf00000,0x00000000eaf00000,0x00000000ebe00000)
 ParOldGen       total 58880K, used 7246K [0x0000000080000000, 0x0000000083980000, 0x00000000d5580000)
  object space 58880K, 12% used [0x0000000080000000,0x0000000080713a08,0x0000000083980000)
 Metaspace       used 34516K, capacity 35438K, committed 35496K, reserved 1079296K
  class space    used 4739K, capacity 5006K, committed 5040K, reserved 1048576K
Event: 45.374 GC heap after
Heap after GC invocations=9 (full 2):
 PSYoungGen      total 272896K, used 0K [0x00000000d5580000, 0x00000000ebe00000, 0x0000000100000000)
  eden space 257024K, 0% used [0x00000000d5580000,0x00000000d5580000,0x00000000e5080000)
  from space 15872K, 0% used [0x00000000e5080000,0x00000000e5080000,0x00000000e6000000)
  to   space 15360K, 0% used [0x00000000eaf00000,0x00000000eaf00000,0x00000000ebe00000)
 ParOldGen       total 84992K, used 15160K [0x0000000080000000, 0x0000000085300000, 0x00000000d5580000)
  object space 84992K, 17% used [0x0000000080000000,0x0000000080ece300,0x0000000085300000)
 Metaspace       used 34516K, capacity 35438K, committed 35496K, reserved 1079296K
  class space    used 4739K, capacity 5006K, committed 5040K, reserved 1048576K
}
Event: 65.743 GC heap before
{Heap before GC invocations=10 (full 2):
 PSYoungGen      total 272896K, used 257024K [0x00000000d5580000, 0x00000000ebe00000, 0x0000000100000000)
  eden space 257024K, 100% used [0x00000000d5580000,0x00000000e5080000,0x00000000e5080000)
  from space 15872K, 0% used [0x00000000e5080000,0x00000000e5080000,0x00000000e6000000)
  to   space 15360K, 0% used [0x00000000eaf00000,0x00000000eaf00000,0x00000000ebe00000)
 ParOldGen       total 84992K, used 15160K [0x0000000080000000, 0x0000000085300000, 0x00000000d5580000)
  object space 84992K, 17% used [0x0000000080000000,0x0000000080ece300,0x0000000085300000)
 Metaspace       used 56097K, capacity 58206K, committed 58416K, reserved 1099776K
  class space    used 7695K, capacity 8154K, committed 8240K, reserved 1048576K
Event: 65.764 GC heap after
Heap after GC invocations=10 (full 2):
 PSYoungGen      total 345088K, used 15356K [0x00000000d5580000, 0x00000000f0400000, 0x0000000100000000)
  eden space 329728K, 0% used [0x00000000d5580000,0x00000000d5580000,0x00000000e9780000)
  from space 15360K, 99% used [0x00000000eaf00000,0x00000000ebdff320,0x00000000ebe00000)
  to   space 24064K, 0% used [0x00000000e9780000,0x00000000e9780000,0x00000000eaf00000)
 ParOldGen       total 84992K, used 29554K [0x0000000080000000, 0x0000000085300000, 0x00000000d5580000)
  object space 84992K, 34% used [0x0000000080000000,0x0000000081cdc9e0,0x0000000085300000)
 Metaspace       used 56097K, capacity 58206K, committed 58416K, reserved 1099776K
  class space    used 7695K, capacity 8154K, committed 8240K, reserved 1048576K
}
Event: 66.131 GC heap before
{Heap before GC invocations=11 (full 2):
 PSYoungGen      total 345088K, used 26995K [0x00000000d5580000, 0x00000000f0400000, 0x0000000100000000)
  eden space 329728K, 3% used [0x00000000d5580000,0x00000000d60dda70,0x00000000e9780000)
  from space 15360K, 99% used [0x00000000eaf00000,0x00000000ebdff320,0x00000000ebe00000)
  to   space 24064K, 0% used [0x00000000e9780000,0x00000000e9780000,0x00000000eaf00000)
 ParOldGen       total 84992K, used 29554K [0x0000000080000000, 0x0000000085300000, 0x00000000d5580000)
  object space 84992K, 34% used [0x0000000080000000,0x0000000081cdc9e0,0x0000000085300000)
 Metaspace       used 56964K, capacity 59072K, committed 59160K, reserved 1099776K
  class space    used 7813K, capacity 8299K, committed 8368K, reserved 1048576K
Event: 66.141 GC heap after
Heap after GC invocations=11 (full 2):
 PSYoungGen      total 353792K, used 15937K [0x00000000d5580000, 0x00000000f4680000, 0x0000000100000000)
  eden space 329728K, 0% used [0x00000000d5580000,0x00000000d5580000,0x00000000e9780000)
  from space 24064K, 66% used [0x00000000e9780000,0x00000000ea7105d8,0x00000000eaf00000)
  to   space 24576K, 0% used [0x00000000f2e80000,0x00000000f2e80000,0x00000000f4680000)
 ParOldGen       total 84992K, used 29562K [0x0000000080000000, 0x0000000085300000, 0x00000000d5580000)
  object space 84992K, 34% used [0x0000000080000000,0x0000000081cde9e0,0x0000000085300000)
 Metaspace       used 56964K, capacity 59072K, committed 59160K, reserved 1099776K
  class space    used 7813K, capacity 8299K, committed 8368K, reserved 1048576K
}
Event: 66.141 GC heap before
{Heap before GC invocations=12 (full 3):
 PSYoungGen      total 353792K, used 15937K [0x00000000d5580000, 0x00000000f4680000, 0x0000000100000000)
  eden space 329728K, 0% used [0x00000000d5580000,0x00000000d5580000,0x00000000e9780000)
  from space 24064K, 66% used [0x00000000e9780000,0x00000000ea7105d8,0x00000000eaf00000)
  to   space 24576K, 0% used [0x00000000f2e80000,0x00000000f2e80000,0x00000000f4680000)
 ParOldGen       total 84992K, used 29562K [0x0000000080000000, 0x0000000085300000, 0x00000000d5580000)
  object space 84992K, 34% used [0x0000000080000000,0x0000000081cde9e0,0x0000000085300000)
 Metaspace       used 56964K, capacity 59072K, committed 59160K, reserved 1099776K
  class space    used 7813K, capacity 8299K, committed 8368K, reserved 1048576K
Event: 66.291 GC heap after
Heap after GC invocations=12 (full 3):
 PSYoungGen      total 353792K, used 0K [0x00000000d5580000, 0x00000000f4680000, 0x0000000100000000)
  eden space 329728K, 0% used [0x00000000d5580000,0x00000000d5580000,0x00000000e9780000)
  from space 24064K, 0% used [0x00000000e9780000,0x00000000e9780000,0x00000000eaf00000)
  to   space 24576K, 0% used [0x00000000f2e80000,0x00000000f2e80000,0x00000000f4680000)
 ParOldGen       total 116224K, used 28004K [0x0000000080000000, 0x0000000087180000, 0x00000000d5580000)
  object space 116224K, 24% used [0x0000000080000000,0x0000000081b59210,0x0000000087180000)
 Metaspace       used 56934K, capacity 58970K, committed 59160K, reserved 1099776K
  class space    used 7804K, capacity 8282K, committed 8368K, reserved 1048576K
}
Event: 91.487 GC heap before
{Heap before GC invocations=13 (full 3):
 PSYoungGen      total 353792K, used 329728K [0x00000000d5580000, 0x00000000f4680000, 0x0000000100000000)
  eden space 329728K, 100% used [0x00000000d5580000,0x00000000e9780000,0x00000000e9780000)
  from space 24064K, 0% used [0x00000000e9780000,0x00000000e9780000,0x00000000eaf00000)
  to   space 24576K, 0% used [0x00000000f2e80000,0x00000000f2e80000,0x00000000f4680000)
 ParOldGen       total 116224K, used 28004K [0x0000000080000000, 0x0000000087180000, 0x00000000d5580000)
  object space 116224K, 24% used [0x0000000080000000,0x0000000081b59210,0x0000000087180000)
 Metaspace       used 69254K, capacity 73076K, committed 73264K, reserved 1112064K
  class space    used 9516K, capacity 10237K, committed 10288K, reserved 1048576K
Event: 91.508 GC heap after
Heap after GC invocations=13 (full 3):
 PSYoungGen      total 468992K, used 24088K [0x00000000d5580000, 0x00000000f4680000, 0x0000000100000000)
  eden space 444416K, 0% used [0x00000000d5580000,0x00000000d5580000,0x00000000f0780000)
  from space 24576K, 98% used [0x00000000f2e80000,0x00000000f4606090,0x00000000f4680000)
  to   space 28160K, 0% used [0x00000000f0f80000,0x00000000f0f80000,0x00000000f2b00000)
 ParOldGen       total 116224K, used 28020K [0x0000000080000000, 0x0000000087180000, 0x00000000d5580000)
  object space 116224K, 24% used [0x0000000080000000,0x0000000081b5d210,0x0000000087180000)
 Metaspace       used 69254K, capacity 73076K, committed 73264K, reserved 1112064K
  class space    used 9516K, capacity 10237K, committed 10288K, reserved 1048576K
}

