# JRE version: OpenJDK Runtime Environment (8.0_242-b01) (build 1.8.0_242-release-1644-b01)
# Java VM: OpenJDK 64-Bit Server VM (25.242-b01 mixed mode windows-amd64 compressed oops)
Heap:
 PSYoungGen      total 140288K, used 110275K [0x00000000d5580000, 0x00000000df400000, 0x0000000100000000)
  eden space 128512K, 76% used [0x00000000d5580000,0x00000000db5c47b0,0x00000000dd300000)
  from space 11776K, 99% used [0x00000000de880000,0x00000000df3ec710,0x00000000df400000)
  to   space 13312K, 0% used [0x00000000dda00000,0x00000000dda00000,0x00000000de700000)
 ParOldGen       total 90112K, used 15385K [0x0000000080000000, 0x0000000085800000, 0x00000000d5580000)
  object space 90112K, 17% used [0x0000000080000000,0x0000000080f064a8,0x0000000085800000)
 Metaspace       used 51880K, capacity 53716K, committed 53808K, reserved 1095680K
  class space    used 7020K, capacity 7469K, committed 7472K, reserved 1048576K
GC Heap History (10 events):
Event: 3.759 GC heap before
{Heap before GC invocations=8 (full 1):
 PSYoungGen      total 74752K, used 64512K [0x00000000d5580000, 0x00000000dab80000, 0x0000000100000000)
  eden space 64512K, 100% used [0x00000000d5580000,0x00000000d9480000,0x00000000d9480000)
  from space 10240K, 0% used [0x00000000d9f80000,0x00000000d9f80000,0x00000000da980000)
  to   space 11264K, 0% used [0x00000000d9480000,0x00000000d9480000,0x00000000d9f80000)
 ParOldGen       total 59904K, used 9005K [0x0000000080000000, 0x0000000083a80000, 0x00000000d5580000)
  object space 59904K, 15% used [0x0000000080000000,0x00000000808cb7b0,0x0000000083a80000)
 Metaspace       used 28162K, capacity 28928K, committed 29232K, reserved 1075200K
  class space    used 3891K, capacity 4131K, committed 4144K, reserved 1048576K
Event: 3.768 GC heap after
Heap after GC invocations=8 (full 1):
 PSYoungGen      total 75776K, used 8002K [0x00000000d5580000, 0x00000000dcf00000, 0x0000000100000000)
  eden space 64512K, 0% used [0x00000000d5580000,0x00000000d5580000,0x00000000d9480000)
  from space 11264K, 71% used [0x00000000d9480000,0x00000000d9c50800,0x00000000d9f80000)
  to   space 11264K, 0% used [0x00000000dc400000,0x00000000dc400000,0x00000000dcf00000)
 ParOldGen       total 59904K, used 9013K [0x0000000080000000, 0x0000000083a80000, 0x00000000d5580000)
  object space 59904K, 15% used [0x0000000080000000,0x00000000808cd7b0,0x0000000083a80000)
 Metaspace       used 28162K, capacity 28928K, committed 29232K, reserved 1075200K
  class space    used 3891K, capacity 4131K, committed 4144K, reserved 1048576K
}
Event: 4.486 GC heap before
{Heap before GC invocations=9 (full 1):
 PSYoungGen      total 75776K, used 72514K [0x00000000d5580000, 0x00000000dcf00000, 0x0000000100000000)
  eden space 64512K, 100% used [0x00000000d5580000,0x00000000d9480000,0x00000000d9480000)
  from space 11264K, 71% used [0x00000000d9480000,0x00000000d9c50800,0x00000000d9f80000)
  to   space 11264K, 0% used [0x00000000dc400000,0x00000000dc400000,0x00000000dcf00000)
 ParOldGen       total 59904K, used 9013K [0x0000000080000000, 0x0000000083a80000, 0x00000000d5580000)
  object space 59904K, 15% used [0x0000000080000000,0x00000000808cd7b0,0x0000000083a80000)
 Metaspace       used 32158K, capacity 32996K, committed 33072K, reserved 1077248K
  class space    used 4384K, capacity 4613K, committed 4656K, reserved 1048576K
Event: 4.500 GC heap after
Heap after GC invocations=9 (full 1):
 PSYoungGen      total 112640K, used 8614K [0x00000000d5580000, 0x00000000dd080000, 0x0000000100000000)
  eden space 101376K, 0% used [0x00000000d5580000,0x00000000d5580000,0x00000000db880000)
  from space 11264K, 76% used [0x00000000dc400000,0x00000000dcc699e0,0x00000000dcf00000)
  to   space 11776K, 0% used [0x00000000db880000,0x00000000db880000,0x00000000dc400000)
 ParOldGen       total 59904K, used 9021K [0x0000000080000000, 0x0000000083a80000, 0x00000000d5580000)
  object space 59904K, 15% used [0x0000000080000000,0x00000000808cf7b0,0x0000000083a80000)
 Metaspace       used 32158K, capacity 32996K, committed 33072K, reserved 1077248K
  class space    used 4384K, capacity 4613K, committed 4656K, reserved 1048576K
}
Event: 4.972 GC heap before
{Heap before GC invocations=10 (full 1):
 PSYoungGen      total 112640K, used 57262K [0x00000000d5580000, 0x00000000dd080000, 0x0000000100000000)
  eden space 101376K, 47% used [0x00000000d5580000,0x00000000d8501f68,0x00000000db880000)
  from space 11264K, 76% used [0x00000000dc400000,0x00000000dcc699e0,0x00000000dcf00000)
  to   space 11776K, 0% used [0x00000000db880000,0x00000000db880000,0x00000000dc400000)
 ParOldGen       total 59904K, used 9021K [0x0000000080000000, 0x0000000083a80000, 0x00000000d5580000)
  object space 59904K, 15% used [0x0000000080000000,0x00000000808cf7b0,0x0000000083a80000)
 Metaspace       used 34558K, capacity 35410K, committed 35496K, reserved 1079296K
  class space    used 4743K, capacity 4974K, committed 5040K, reserved 1048576K
Event: 4.984 GC heap after
Heap after GC invocations=10 (full 1):
 PSYoungGen      total 113152K, used 8806K [0x00000000d5580000, 0x00000000df400000, 0x0000000100000000)
  eden space 101376K, 0% used [0x00000000d5580000,0x00000000d5580000,0x00000000db880000)
  from space 11776K, 74% used [0x00000000db880000,0x00000000dc119af0,0x00000000dc400000)
  to   space 11776K, 0% used [0x00000000de880000,0x00000000de880000,0x00000000df400000)
 ParOldGen       total 59904K, used 9029K [0x0000000080000000, 0x0000000083a80000, 0x00000000d5580000)
  object space 59904K, 15% used [0x0000000080000000,0x00000000808d17b0,0x0000000083a80000)
 Metaspace       used 34558K, capacity 35410K, committed 35496K, reserved 1079296K
  class space    used 4743K, capacity 4974K, committed 5040K, reserved 1048576K
}
Event: 4.984 GC heap before
{Heap before GC invocations=11 (full 2):
 PSYoungGen      total 113152K, used 8806K [0x00000000d5580000, 0x00000000df400000, 0x0000000100000000)
  eden space 101376K, 0% used [0x00000000d5580000,0x00000000d5580000,0x00000000db880000)
  from space 11776K, 74% used [0x00000000db880000,0x00000000dc119af0,0x00000000dc400000)
  to   space 11776K, 0% used [0x00000000de880000,0x00000000de880000,0x00000000df400000)
 ParOldGen       total 59904K, used 9029K [0x0000000080000000, 0x0000000083a80000, 0x00000000d5580000)
  object space 59904K, 15% used [0x0000000080000000,0x00000000808d17b0,0x0000000083a80000)
 Metaspace       used 34558K, capacity 35410K, committed 35496K, reserved 1079296K
  class space    used 4743K, capacity 4974K, committed 5040K, reserved 1048576K
Event: 5.039 GC heap after
Heap after GC invocations=11 (full 2):
 PSYoungGen      total 113152K, used 0K [0x00000000d5580000, 0x00000000df400000, 0x0000000100000000)
  eden space 101376K, 0% used [0x00000000d5580000,0x00000000d5580000,0x00000000db880000)
  from space 11776K, 0% used [0x00000000db880000,0x00000000db880000,0x00000000dc400000)
  to   space 11776K, 0% used [0x00000000de880000,0x00000000de880000,0x00000000df400000)
 ParOldGen       total 90112K, used 15377K [0x0000000080000000, 0x0000000085800000, 0x00000000d5580000)
  object space 90112K, 17% used [0x0000000080000000,0x0000000080f044a8,0x0000000085800000)
 Metaspace       used 34558K, capacity 35410K, committed 35496K, reserved 1079296K
  class space    used 4743K, capacity 4974K, committed 5040K, reserved 1048576K
}
Event: 6.181 GC heap before
{Heap before GC invocations=12 (full 2):
 PSYoungGen      total 113152K, used 101376K [0x00000000d5580000, 0x00000000df400000, 0x0000000100000000)
  eden space 101376K, 100% used [0x00000000d5580000,0x00000000db880000,0x00000000db880000)
  from space 11776K, 0% used [0x00000000db880000,0x00000000db880000,0x00000000dc400000)
  to   space 11776K, 0% used [0x00000000de880000,0x00000000de880000,0x00000000df400000)
 ParOldGen       total 90112K, used 15377K [0x0000000080000000, 0x0000000085800000, 0x00000000d5580000)
  object space 90112K, 17% used [0x0000000080000000,0x0000000080f044a8,0x0000000085800000)
 Metaspace       used 43413K, capacity 44922K, committed 45232K, reserved 1087488K
  class space    used 5902K, capacity 6265K, committed 6320K, reserved 1048576K
Event: 6.191 GC heap after
Heap after GC invocations=12 (full 2):
 PSYoungGen      total 140288K, used 11697K [0x00000000d5580000, 0x00000000df400000, 0x0000000100000000)
  eden space 128512K, 0% used [0x00000000d5580000,0x00000000d5580000,0x00000000dd300000)
  from space 11776K, 99% used [0x00000000de880000,0x00000000df3ec710,0x00000000df400000)
  to   space 13312K, 0% used [0x00000000dda00000,0x00000000dda00000,0x00000000de700000)
 ParOldGen       total 90112K, used 15385K [0x0000000080000000, 0x0000000085800000, 0x00000000d5580000)
  object space 90112K, 17% used [0x0000000080000000,0x0000000080f064a8,0x0000000085800000)
 Metaspace       used 43413K, capacity 44922K, committed 45232K, reserved 1087488K
  class space    used 5902K, capacity 6265K, committed 6320K, reserved 1048576K
}

