# JRE version: OpenJDK Runtime Environment (8.0_242-b01) (build 1.8.0_242-release-1644-b01)
# Java VM: OpenJDK 64-Bit Server VM (25.242-b01 mixed mode windows-amd64 compressed oops)
Heap:
 PSYoungGen      total 70144K, used 37482K [0x00000000d5580000, 0x00000000dc480000, 0x0000000100000000)
  eden space 51200K, 73% used [0x00000000d5580000,0x00000000d7a1a960,0x00000000d8780000)
  from space 18944K, 0% used [0x00000000d8780000,0x00000000d8780000,0x00000000d9a00000)
  to   space 20992K, 0% used [0x00000000db000000,0x00000000db000000,0x00000000dc480000)
 ParOldGen       total 69120K, used 29608K [0x0000000080000000, 0x0000000084380000, 0x00000000d5580000)
  object space 69120K, 42% used [0x0000000080000000,0x0000000081cea0f8,0x0000000084380000)
 Metaspace       used 58657K, capacity 60930K, committed 61096K, reserved 1101824K
  class space    used 8078K, capacity 8594K, committed 8624K, reserved 1048576K
GC Heap History (10 events):
Event: 72.115 GC heap before
{Heap before GC invocations=12 (full 2):
 PSYoungGen      total 64512K, used 64171K [0x00000000d5580000, 0x00000000da580000, 0x0000000100000000)
  eden space 57344K, 100% used [0x00000000d5580000,0x00000000d8d80000,0x00000000d8d80000)
  from space 7168K, 95% used [0x00000000d8f00000,0x00000000d95aaff8,0x00000000d9600000)
  to   space 12288K, 0% used [0x00000000d9980000,0x00000000d9980000,0x00000000da580000)
 ParOldGen       total 69120K, used 15318K [0x0000000080000000, 0x0000000084380000, 0x00000000d5580000)
  object space 69120K, 22% used [0x0000000080000000,0x0000000080ef5890,0x0000000084380000)
 Metaspace       used 44344K, capacity 45908K, committed 46120K, reserved 1089536K
  class space    used 6007K, capacity 6398K, committed 6448K, reserved 1048576K
Event: 72.122 GC heap after
Heap after GC invocations=12 (full 2):
 PSYoungGen      total 67072K, used 12270K [0x00000000d5580000, 0x00000000da900000, 0x0000000100000000)
  eden space 54784K, 0% used [0x00000000d5580000,0x00000000d5580000,0x00000000d8b00000)
  from space 12288K, 99% used [0x00000000d9980000,0x00000000da57b8f0,0x00000000da580000)
  to   space 14848K, 0% used [0x00000000d8b00000,0x00000000d8b00000,0x00000000d9980000)
 ParOldGen       total 69120K, used 17511K [0x0000000080000000, 0x0000000084380000, 0x00000000d5580000)
  object space 69120K, 25% used [0x0000000080000000,0x0000000081119ec0,0x0000000084380000)
 Metaspace       used 44344K, capacity 45908K, committed 46120K, reserved 1089536K
  class space    used 6007K, capacity 6398K, committed 6448K, reserved 1048576K
}
Event: 73.100 GC heap before
{Heap before GC invocations=13 (full 2):
 PSYoungGen      total 67072K, used 67054K [0x00000000d5580000, 0x00000000da900000, 0x0000000100000000)
  eden space 54784K, 100% used [0x00000000d5580000,0x00000000d8b00000,0x00000000d8b00000)
  from space 12288K, 99% used [0x00000000d9980000,0x00000000da57b8f0,0x00000000da580000)
  to   space 14848K, 0% used [0x00000000d8b00000,0x00000000d8b00000,0x00000000d9980000)
 ParOldGen       total 69120K, used 17511K [0x0000000080000000, 0x0000000084380000, 0x00000000d5580000)
  object space 69120K, 25% used [0x0000000080000000,0x0000000081119ec0,0x0000000084380000)
 Metaspace       used 49446K, capacity 51176K, committed 51368K, reserved 1093632K
  class space    used 6622K, capacity 7051K, committed 7088K, reserved 1048576K
Event: 73.107 GC heap after
Heap after GC invocations=13 (full 2):
 PSYoungGen      total 68608K, used 14507K [0x00000000d5580000, 0x00000000daa00000, 0x0000000100000000)
  eden space 53760K, 0% used [0x00000000d5580000,0x00000000d5580000,0x00000000d8a00000)
  from space 14848K, 97% used [0x00000000d8b00000,0x00000000d992ae58,0x00000000d9980000)
  to   space 16384K, 0% used [0x00000000d9a00000,0x00000000d9a00000,0x00000000daa00000)
 ParOldGen       total 69120K, used 17583K [0x0000000080000000, 0x0000000084380000, 0x00000000d5580000)
  object space 69120K, 25% used [0x0000000080000000,0x000000008112bed0,0x0000000084380000)
 Metaspace       used 49446K, capacity 51176K, committed 51368K, reserved 1093632K
  class space    used 6622K, capacity 7051K, committed 7088K, reserved 1048576K
}
Event: 74.061 GC heap before
{Heap before GC invocations=14 (full 2):
 PSYoungGen      total 68608K, used 68267K [0x00000000d5580000, 0x00000000daa00000, 0x0000000100000000)
  eden space 53760K, 100% used [0x00000000d5580000,0x00000000d8a00000,0x00000000d8a00000)
  from space 14848K, 97% used [0x00000000d8b00000,0x00000000d992ae58,0x00000000d9980000)
  to   space 16384K, 0% used [0x00000000d9a00000,0x00000000d9a00000,0x00000000daa00000)
 ParOldGen       total 69120K, used 17583K [0x0000000080000000, 0x0000000084380000, 0x00000000d5580000)
  object space 69120K, 25% used [0x0000000080000000,0x000000008112bed0,0x0000000084380000)
 Metaspace       used 54000K, capacity 55988K, committed 56232K, reserved 1097728K
  class space    used 7358K, capacity 7783K, committed 7856K, reserved 1048576K
Event: 74.073 GC heap after
Heap after GC invocations=14 (full 2):
 PSYoungGen      total 67584K, used 16359K [0x00000000d5580000, 0x00000000dc280000, 0x0000000100000000)
  eden space 51200K, 0% used [0x00000000d5580000,0x00000000d5580000,0x00000000d8780000)
  from space 16384K, 99% used [0x00000000d9a00000,0x00000000da9f9ed0,0x00000000daa00000)
  to   space 18944K, 0% used [0x00000000d8780000,0x00000000d8780000,0x00000000d9a00000)
 ParOldGen       total 69120K, used 18773K [0x0000000080000000, 0x0000000084380000, 0x00000000d5580000)
  object space 69120K, 27% used [0x0000000080000000,0x0000000081255780,0x0000000084380000)
 Metaspace       used 54000K, capacity 55988K, committed 56232K, reserved 1097728K
  class space    used 7358K, capacity 7783K, committed 7856K, reserved 1048576K
}
Event: 75.155 GC heap before
{Heap before GC invocations=15 (full 2):
 PSYoungGen      total 67584K, used 52488K [0x00000000d5580000, 0x00000000dc280000, 0x0000000100000000)
  eden space 51200K, 70% used [0x00000000d5580000,0x00000000d78c8178,0x00000000d8780000)
  from space 16384K, 99% used [0x00000000d9a00000,0x00000000da9f9ed0,0x00000000daa00000)
  to   space 18944K, 0% used [0x00000000d8780000,0x00000000d8780000,0x00000000d9a00000)
 ParOldGen       total 69120K, used 18773K [0x0000000080000000, 0x0000000084380000, 0x00000000d5580000)
  object space 69120K, 27% used [0x0000000080000000,0x0000000081255780,0x0000000084380000)
 Metaspace       used 56959K, capacity 59014K, committed 59160K, reserved 1099776K
  class space    used 7810K, capacity 8256K, committed 8368K, reserved 1048576K
Event: 75.168 GC heap after
Heap after GC invocations=15 (full 2):
 PSYoungGen      total 70144K, used 17642K [0x00000000d5580000, 0x00000000dc480000, 0x0000000100000000)
  eden space 51200K, 0% used [0x00000000d5580000,0x00000000d5580000,0x00000000d8780000)
  from space 18944K, 93% used [0x00000000d8780000,0x00000000d98baba0,0x00000000d9a00000)
  to   space 20992K, 0% used [0x00000000db000000,0x00000000db000000,0x00000000dc480000)
 ParOldGen       total 69120K, used 18781K [0x0000000080000000, 0x0000000084380000, 0x00000000d5580000)
  object space 69120K, 27% used [0x0000000080000000,0x0000000081257780,0x0000000084380000)
 Metaspace       used 56959K, capacity 59014K, committed 59160K, reserved 1099776K
  class space    used 7810K, capacity 8256K, committed 8368K, reserved 1048576K
}
Event: 75.169 GC heap before
{Heap before GC invocations=16 (full 3):
 PSYoungGen      total 70144K, used 17642K [0x00000000d5580000, 0x00000000dc480000, 0x0000000100000000)
  eden space 51200K, 0% used [0x00000000d5580000,0x00000000d5580000,0x00000000d8780000)
  from space 18944K, 93% used [0x00000000d8780000,0x00000000d98baba0,0x00000000d9a00000)
  to   space 20992K, 0% used [0x00000000db000000,0x00000000db000000,0x00000000dc480000)
 ParOldGen       total 69120K, used 18781K [0x0000000080000000, 0x0000000084380000, 0x00000000d5580000)
  object space 69120K, 27% used [0x0000000080000000,0x0000000081257780,0x0000000084380000)
 Metaspace       used 56959K, capacity 59014K, committed 59160K, reserved 1099776K
  class space    used 7810K, capacity 8256K, committed 8368K, reserved 1048576K
Event: 75.321 GC heap after
Heap after GC invocations=16 (full 3):
 PSYoungGen      total 70144K, used 0K [0x00000000d5580000, 0x00000000dc480000, 0x0000000100000000)
  eden space 51200K, 0% used [0x00000000d5580000,0x00000000d5580000,0x00000000d8780000)
  from space 18944K, 0% used [0x00000000d8780000,0x00000000d8780000,0x00000000d9a00000)
  to   space 20992K, 0% used [0x00000000db000000,0x00000000db000000,0x00000000dc480000)
 ParOldGen       total 69120K, used 29608K [0x0000000080000000, 0x0000000084380000, 0x00000000d5580000)
  object space 69120K, 42% used [0x0000000080000000,0x0000000081cea0f8,0x0000000084380000)
 Metaspace       used 56931K, capacity 58918K, committed 59160K, reserved 1099776K
  class space    used 7801K, capacity 8240K, committed 8368K, reserved 1048576K
}

